c:\users\pastad\documents\pastadengine\pastadeditor\x64\release\indexedrepresentation.obj
c:\users\pastad\documents\pastadengine\pastadeditor\x64\release\animationmesh.obj
c:\users\pastad\documents\pastadengine\pastadeditor\x64\release\log.obj
c:\users\pastad\documents\pastadengine\pastadeditor\x64\release\helper.obj
c:\users\pastad\documents\pastadengine\pastadeditor\x64\release\text.obj
c:\users\pastad\documents\pastadengine\pastadeditor\x64\release\image.obj
c:\users\pastad\documents\pastadengine\pastadeditor\x64\release\gui.obj
c:\users\pastad\documents\pastadengine\pastadeditor\x64\release\fileviewer.obj
c:\users\pastad\documents\pastadengine\pastadeditor\x64\release\enginegui.obj
c:\users\pastad\documents\pastadengine\pastadeditor\x64\release\edittext.obj
c:\users\pastad\documents\pastadengine\pastadeditor\x64\release\button.obj
c:\users\pastad\documents\pastadengine\pastadeditor\x64\release\ray.obj
c:\users\pastad\documents\pastadengine\pastadeditor\x64\release\plane.obj
c:\users\pastad\documents\pastadengine\pastadeditor\x64\release\boundingbox.obj
c:\users\pastad\documents\pastadengine\pastadeditor\x64\release\terrain.obj
c:\users\pastad\documents\pastadengine\pastadeditor\x64\release\skybox.obj
c:\users\pastad\documents\pastadengine\pastadeditor\x64\release\engine.obj
c:\users\pastad\documents\pastadengine\pastadeditor\x64\release\wave.obj
c:\users\pastad\documents\pastadengine\pastadeditor\x64\release\water.obj
c:\users\pastad\documents\pastadengine\pastadeditor\x64\release\gl_core_4_.obj
c:\users\pastad\documents\pastadengine\pastadeditor\x64\release\imageshader.obj
c:\users\pastad\documents\pastadengine\pastadeditor\x64\release\scriptelement.obj
c:\users\pastad\documents\pastadengine\pastadeditor\x64\release\script.obj
c:\users\pastad\documents\pastadengine\pastadeditor\x64\release\rotationscriptelement.obj
c:\users\pastad\documents\pastadengine\pastadeditor\x64\release\externaltriggerscriptelement.obj
c:\users\pastad\documents\pastadengine\pastadeditor\x64\release\scenetreeelement.obj
c:\users\pastad\documents\pastadengine\pastadeditor\x64\release\sceneeditor.obj
c:\users\pastad\documents\pastadengine\pastadeditor\x64\release\scene.obj
c:\users\pastad\documents\pastadengine\pastadeditor\x64\release\ressourcemanager.obj
c:\users\pastad\documents\pastadengine\pastadeditor\x64\release\renderbuffer.obj
c:\users\pastad\documents\pastadengine\pastadeditor\x64\release\quad.obj
c:\users\pastad\documents\pastadengine\pastadeditor\x64\release\pointshadowbuffer.obj
c:\users\pastad\documents\pastadengine\pastadeditor\x64\release\jittertexture.obj
c:\users\pastad\documents\pastadengine\pastadeditor\x64\release\gbuffer.obj
c:\users\pastad\documents\pastadengine\pastadeditor\x64\release\directionalshadowbuffer.obj
c:\users\pastad\documents\pastadengine\pastadeditor\x64\release\texture.obj
c:\users\pastad\documents\pastadengine\pastadeditor\x64\release\object.obj
c:\users\pastad\documents\pastadengine\pastadeditor\x64\release\model.obj
c:\users\pastad\documents\pastadengine\pastadeditor\x64\release\mesh.obj
c:\users\pastad\documents\pastadengine\pastadeditor\x64\release\material.obj
c:\users\pastad\documents\pastadengine\pastadeditor\x64\release\pastadeditor.obj
c:\users\pastad\documents\pastadengine\pastadeditor\x64\release\main.obj
c:\users\pastad\documents\pastadengine\pastadeditor\x64\release\moc_pastadeditor.obj
c:\users\pastad\documents\pastadengine\pastadeditor\x64\release\subsystem.obj
c:\users\pastad\documents\pastadengine\pastadeditor\x64\release\rendersubsystem.obj
c:\users\pastad\documents\pastadengine\pastadeditor\x64\release\physicsubsystem.obj
c:\users\pastad\documents\pastadengine\pastadeditor\x64\release\iosubsystem.obj
c:\users\pastad\documents\pastadengine\pastadeditor\x64\release\transform.obj
c:\users\pastad\documents\pastadengine\pastadeditor\x64\release\light.obj
c:\users\pastad\documents\pastadengine\pastadeditor\x64\release\camera.obj
c:\users\pastad\documents\pastadengine\pastadeditor\x64\release\textshader.obj
c:\users\pastad\documents\pastadengine\pastadeditor\x64\release\skyboxshader.obj
c:\users\pastad\documents\pastadengine\pastadeditor\x64\release\shadowshader.obj
c:\users\pastad\documents\pastadengine\pastadeditor\x64\release\shader.obj
c:\users\pastad\documents\pastadengine\pastadeditor\x64\release\rendershader.obj
c:\users\pastad\documents\pastadengine\pastadeditor\x64\release\renderbaseshader.obj
c:\users\pastad\documents\pastadengine\pastadeditor\x64\release\postprocessingshader.obj
c:\users\pastad\documents\pastadengine\pastadeditor\x64\release\qrc_pastadeditor.obj
c:\users\pastad\documents\pastadengine\pastadeditor\generatedfiles\qrc_pastadeditor.cpp
c:\users\pastad\documents\pastadengine\pastadeditor\generatedfiles\release\moc_pastadeditor.cpp
c:\users\pastad\documents\pastadengine\pastadeditor\generatedfiles\ui_pastadeditor.h
c:\users\pastad\documents\pastadengine\pastadeditor\x64\release\pastadeditor.exe
c:\users\pastad\documents\pastadengine\pastadeditor\x64\release\pastadeditor.res
c:\users\pastad\documents\pastadengine\pastadeditor\x64\release\island-scene.xml
c:\users\pastad\documents\pastadengine\pastadeditor\x64\release\pastadeditor.tlog\cl.command.1.tlog
c:\users\pastad\documents\pastadengine\pastadeditor\x64\release\pastadeditor.tlog\cl.read.1.tlog
c:\users\pastad\documents\pastadengine\pastadeditor\x64\release\pastadeditor.tlog\cl.write.1.tlog
c:\users\pastad\documents\pastadengine\pastadeditor\x64\release\pastadeditor.tlog\custombuild.command.1.tlog
c:\users\pastad\documents\pastadengine\pastadeditor\x64\release\pastadeditor.tlog\custombuild.read.1.tlog
c:\users\pastad\documents\pastadengine\pastadeditor\x64\release\pastadeditor.tlog\custombuild.write.1.tlog
c:\users\pastad\documents\pastadengine\pastadeditor\x64\release\pastadeditor.tlog\link.command.1.tlog
c:\users\pastad\documents\pastadengine\pastadeditor\x64\release\pastadeditor.tlog\link.read.1.tlog
c:\users\pastad\documents\pastadengine\pastadeditor\x64\release\pastadeditor.tlog\link.write.1.tlog
c:\users\pastad\documents\pastadengine\pastadeditor\x64\release\pastadeditor.tlog\rc.command.1.tlog
c:\users\pastad\documents\pastadengine\pastadeditor\x64\release\pastadeditor.tlog\rc.read.1.tlog
c:\users\pastad\documents\pastadengine\pastadeditor\x64\release\pastadeditor.tlog\rc.write.1.tlog
