c:\users\pastad\documents\pastadengine\pastadeditor\x64\debug\vc140.pdb
c:\users\pastad\documents\pastadengine\pastadeditor\x64\debug\animationmesh.obj
c:\users\pastad\documents\pastadengine\pastadeditor\x64\debug\log.obj
c:\users\pastad\documents\pastadengine\pastadeditor\x64\debug\helper.obj
c:\users\pastad\documents\pastadengine\pastadeditor\x64\debug\text.obj
c:\users\pastad\documents\pastadengine\pastadeditor\x64\debug\image.obj
c:\users\pastad\documents\pastadengine\pastadeditor\x64\debug\gui.obj
c:\users\pastad\documents\pastadengine\pastadeditor\x64\debug\fileviewer.obj
c:\users\pastad\documents\pastadengine\pastadeditor\x64\debug\enginegui.obj
c:\users\pastad\documents\pastadengine\pastadeditor\x64\debug\edittext.obj
c:\users\pastad\documents\pastadengine\pastadeditor\x64\debug\button.obj
c:\users\pastad\documents\pastadengine\pastadeditor\x64\debug\ray.obj
c:\users\pastad\documents\pastadengine\pastadeditor\x64\debug\plane.obj
c:\users\pastad\documents\pastadengine\pastadeditor\x64\debug\boundingbox.obj
c:\users\pastad\documents\pastadengine\pastadeditor\x64\debug\terrain.obj
c:\users\pastad\documents\pastadengine\pastadeditor\x64\debug\skybox.obj
c:\users\pastad\documents\pastadengine\pastadeditor\x64\debug\engine.obj
c:\users\pastad\documents\pastadengine\pastadeditor\x64\debug\wave.obj
c:\users\pastad\documents\pastadengine\pastadeditor\x64\debug\water.obj
c:\users\pastad\documents\pastadengine\pastadeditor\x64\debug\editor.obj
c:\users\pastad\documents\pastadengine\pastadeditor\x64\debug\gl_core_4_.obj
c:\users\pastad\documents\pastadengine\pastadeditor\x64\debug\scriptelement.obj
c:\users\pastad\documents\pastadengine\pastadeditor\x64\debug\script.obj
c:\users\pastad\documents\pastadengine\pastadeditor\x64\debug\rotationscriptelement.obj
c:\users\pastad\documents\pastadengine\pastadeditor\x64\debug\externaltriggerscriptelement.obj
c:\users\pastad\documents\pastadengine\pastadeditor\x64\debug\scenetreeelement.obj
c:\users\pastad\documents\pastadengine\pastadeditor\x64\debug\sceneeditor.obj
c:\users\pastad\documents\pastadengine\pastadeditor\x64\debug\scene.obj
c:\users\pastad\documents\pastadengine\pastadeditor\x64\debug\ressourcemanager.obj
c:\users\pastad\documents\pastadengine\pastadeditor\x64\debug\renderbuffer.obj
c:\users\pastad\documents\pastadengine\pastadeditor\x64\debug\quad.obj
c:\users\pastad\documents\pastadengine\pastadeditor\x64\debug\pointshadowbuffer.obj
c:\users\pastad\documents\pastadengine\pastadeditor\x64\debug\jittertexture.obj
c:\users\pastad\documents\pastadengine\pastadeditor\x64\debug\gbuffer.obj
c:\users\pastad\documents\pastadengine\pastadeditor\x64\debug\directionalshadowbuffer.obj
c:\users\pastad\documents\pastadengine\pastadeditor\x64\debug\texture.obj
c:\users\pastad\documents\pastadengine\pastadeditor\x64\debug\object.obj
c:\users\pastad\documents\pastadengine\pastadeditor\x64\debug\model.obj
c:\users\pastad\documents\pastadengine\pastadeditor\x64\debug\mesh.obj
c:\users\pastad\documents\pastadengine\pastadeditor\x64\debug\material.obj
c:\users\pastad\documents\pastadengine\pastadeditor\x64\debug\indexedrepresentation.obj
c:\users\pastad\documents\pastadengine\pastadeditor\x64\debug\pastadeditor.obj
c:\users\pastad\documents\pastadengine\pastadeditor\x64\debug\main.obj
c:\users\pastad\documents\pastadengine\pastadeditor\x64\debug\moc_pastadeditor.obj
c:\users\pastad\documents\pastadengine\pastadeditor\x64\debug\subsystem.obj
c:\users\pastad\documents\pastadengine\pastadeditor\x64\debug\rendersubsystem.obj
c:\users\pastad\documents\pastadengine\pastadeditor\x64\debug\physicsubsystem.obj
c:\users\pastad\documents\pastadengine\pastadeditor\x64\debug\iosubsystem.obj
c:\users\pastad\documents\pastadengine\pastadeditor\x64\debug\transform.obj
c:\users\pastad\documents\pastadengine\pastadeditor\x64\debug\light.obj
c:\users\pastad\documents\pastadengine\pastadeditor\x64\debug\camera.obj
c:\users\pastad\documents\pastadengine\pastadeditor\x64\debug\textshader.obj
c:\users\pastad\documents\pastadengine\pastadeditor\x64\debug\skyboxshader.obj
c:\users\pastad\documents\pastadengine\pastadeditor\x64\debug\shadowshader.obj
c:\users\pastad\documents\pastadengine\pastadeditor\x64\debug\shader.obj
c:\users\pastad\documents\pastadengine\pastadeditor\x64\debug\rendershader.obj
c:\users\pastad\documents\pastadengine\pastadeditor\x64\debug\renderbaseshader.obj
c:\users\pastad\documents\pastadengine\pastadeditor\x64\debug\postprocessingshader.obj
c:\users\pastad\documents\pastadengine\pastadeditor\x64\debug\imageshader.obj
c:\users\pastad\documents\pastadengine\pastadeditor\x64\debug\qrc_pastadeditor.obj
c:\users\pastad\documents\pastadengine\pastadeditor\generatedfiles\qrc_pastadeditor.cpp
c:\users\pastad\documents\pastadengine\pastadeditor\generatedfiles\ui_pastadeditor.h
c:\users\pastad\documents\pastadengine\pastadeditor\generatedfiles\debug\moc_pastadeditor.cpp
c:\users\pastad\documents\pastadengine\pastadeditor\x64\debug\pastadeditor.res
c:\users\pastad\documents\pastadengine\pastadeditor\x64\debug\pastadeditor.pdb
c:\users\pastad\documents\pastadengine\pastadeditor\x64\debug\island-scene.xml
c:\users\pastad\documents\pastadengine\pastadeditor\x64\debug\pastadeditor.tlog\cl.command.1.tlog
c:\users\pastad\documents\pastadengine\pastadeditor\x64\debug\pastadeditor.tlog\cl.read.1.tlog
c:\users\pastad\documents\pastadengine\pastadeditor\x64\debug\pastadeditor.tlog\cl.write.1.tlog
c:\users\pastad\documents\pastadengine\pastadeditor\x64\debug\pastadeditor.tlog\custombuild.command.1.tlog
c:\users\pastad\documents\pastadengine\pastadeditor\x64\debug\pastadeditor.tlog\custombuild.read.1.tlog
c:\users\pastad\documents\pastadengine\pastadeditor\x64\debug\pastadeditor.tlog\custombuild.write.1.tlog
c:\users\pastad\documents\pastadengine\pastadeditor\x64\debug\pastadeditor.tlog\link-cvtres.read.1.tlog
c:\users\pastad\documents\pastadengine\pastadeditor\x64\debug\pastadeditor.tlog\link-cvtres.write.1.tlog
c:\users\pastad\documents\pastadengine\pastadeditor\x64\debug\pastadeditor.tlog\link-rc.read.1.tlog
c:\users\pastad\documents\pastadengine\pastadeditor\x64\debug\pastadeditor.tlog\link-rc.write.1.tlog
c:\users\pastad\documents\pastadengine\pastadeditor\x64\debug\pastadeditor.tlog\link.4416-cvtres.read.1.tlog
c:\users\pastad\documents\pastadengine\pastadeditor\x64\debug\pastadeditor.tlog\link.4416-cvtres.write.1.tlog
c:\users\pastad\documents\pastadengine\pastadeditor\x64\debug\pastadeditor.tlog\link.4416-rc.read.1.tlog
c:\users\pastad\documents\pastadengine\pastadeditor\x64\debug\pastadeditor.tlog\link.4416-rc.write.1.tlog
c:\users\pastad\documents\pastadengine\pastadeditor\x64\debug\pastadeditor.tlog\link.4416.read.1.tlog
c:\users\pastad\documents\pastadengine\pastadeditor\x64\debug\pastadeditor.tlog\link.4416.write.1.tlog
c:\users\pastad\documents\pastadengine\pastadeditor\x64\debug\pastadeditor.tlog\link.command.1.tlog
c:\users\pastad\documents\pastadengine\pastadeditor\x64\debug\pastadeditor.tlog\link.read.1.tlog
c:\users\pastad\documents\pastadengine\pastadeditor\x64\debug\pastadeditor.tlog\link.write.1.tlog
c:\users\pastad\documents\pastadengine\pastadeditor\x64\debug\pastadeditor.tlog\rc.command.1.tlog
c:\users\pastad\documents\pastadengine\pastadeditor\x64\debug\pastadeditor.tlog\rc.read.1.tlog
c:\users\pastad\documents\pastadengine\pastadeditor\x64\debug\pastadeditor.tlog\rc.write.1.tlog
